/*C5*/SET SCHEMA PUBLIC
INSERT INTO CART VALUES(15,1,2,34)
COMMIT
DELETE FROM CART WHERE ID=15
INSERT INTO CART VALUES(15,2,2,34)
COMMIT
INSERT INTO CART VALUES(16,1,1,34)
COMMIT
/*C6*/SET SCHEMA PUBLIC
DELETE FROM CART WHERE ID=16
COMMIT
/*C5*/DELETE FROM CART WHERE ID=15
COMMIT
INSERT INTO CART VALUES(17,1,2,34)
COMMIT
/*C6*/DELETE FROM CART WHERE ID=17
INSERT INTO CART VALUES(17,2,2,34)
COMMIT
DELETE FROM CART WHERE ID=17
INSERT INTO CART VALUES(17,3,2,34)
COMMIT
/*C5*/DELETE FROM CART WHERE ID=17
COMMIT
/*C6*/INSERT INTO CART VALUES(18,1,1,34)
COMMIT
DELETE FROM CART WHERE ID=18
INSERT INTO CART VALUES(18,2,1,34)
COMMIT
/*C5*/INSERT INTO CART VALUES(19,1,2,34)
COMMIT
DELETE FROM CART WHERE ID=19
INSERT INTO CART VALUES(19,2,2,34)
COMMIT
DELETE FROM CART WHERE ID=19
INSERT INTO CART VALUES(19,3,2,34)
COMMIT
DELETE FROM CART WHERE ID=19
INSERT INTO CART VALUES(19,4,2,34)
COMMIT
/*C6*/DELETE FROM CART WHERE ID=19
COMMIT
/*C5*/DELETE FROM CART WHERE ID=18
COMMIT
